<?xml version="1.0" encoding="UTF-8"?>
<testng-results ignored="0" total="1" passed="0" failed="1" skipped="0">
  <reporter-output>
  </reporter-output>
  <suite started-at="2022-05-18T18:16:48 IST" name="TestSuite" finished-at="2022-05-18T18:17:05 IST" duration-ms="16923">
    <groups>
      <group name="cucumber">
        <method signature="AbstractTestNGCucumberTests.runScenario(io.cucumber.testng.PickleWrapper, io.cucumber.testng.FeatureWrapper)[pri:0, instance:com.test.runner.TestRunner@1e6454ec]" name="runScenario" class="io.cucumber.testng.AbstractTestNGCucumberTests"/>
      </group> <!-- cucumber -->
    </groups>
    <test started-at="2022-05-18T18:16:48 IST" name="TestOnChrome" finished-at="2022-05-18T18:17:05 IST" duration-ms="16923">
      <class name="com.test.runner.TestRunner">
        <test-method is-config="true" signature="setUpClass()[pri:0, instance:com.test.runner.TestRunner@1e6454ec]" started-at="2022-05-18T18:16:48 IST" name="setUpClass" finished-at="2022-05-18T18:16:48 IST" duration-ms="454" status="PASS">
          <reporter-output>
          </reporter-output>
        </test-method> <!-- setUpClass -->
        <test-method is-config="true" signature="setupTest(java.lang.String)[pri:0, instance:com.test.runner.TestRunner@1e6454ec]" started-at="2022-05-18T18:16:48 IST" name="setupTest" finished-at="2022-05-18T18:16:50 IST" duration-ms="1983" status="PASS">
          <params>
            <param index="0">
              <value>
                <![CDATA[chrome]]>
              </value>
            </param>
          </params>
          <reporter-output>
          </reporter-output>
        </test-method> <!-- setupTest -->
        <test-method signature="runScenario(io.cucumber.testng.PickleWrapper, io.cucumber.testng.FeatureWrapper)[pri:0, instance:com.test.runner.TestRunner@1e6454ec]" started-at="2022-05-18T18:16:50 IST" name="runScenario" description="Runs Cucumber Scenarios" data-provider="scenarios" finished-at="2022-05-18T18:17:04 IST" duration-ms="14173" status="FAIL">
          <params>
            <param index="0">
              <value>
                <![CDATA["Validate Login in the application."]]>
              </value>
            </param>
            <param index="1">
              <value>
                <![CDATA["Optional[Feature to test Login Functionality]"]]>
              </value>
            </param>
          </params>
          <exception class="org.openqa.selenium.NoSuchElementException">
            <message>
              <![CDATA[no such element: Unable to locate element: {"method":"xpath","selector":"div[@class='makeFlex hrtlCenter appendBottom20 flightFare']"}
  (Session info: chrome=101.0.4951.64)
For documentation on this error, please visit: https://www.seleniumhq.org/exceptions/no_such_element.html
Build info: version: '3.141.59', revision: 'e82be7d358', time: '2018-11-14T08:17:03'
System info: host: 'IN-C02DQAHYP3XY.local', ip: '2409:4053:2e04:7c52:a99e:7063:10ab:1528%en0', os.name: 'Mac OS X', os.arch: 'x86_64', os.version: '10.15.7', java.version: '15.0.2'
Driver info: org.openqa.selenium.chrome.ChromeDriver
Capabilities {acceptInsecureCerts: false, browserName: chrome, browserVersion: 101.0.4951.64, chrome: {chromedriverVersion: 101.0.4951.41 (93c720db8323..., userDataDir: /var/folders/3r/jjt7qbtj1dg...}, goog:chromeOptions: {debuggerAddress: localhost:50516}, javascriptEnabled: true, networkConnectionEnabled: false, pageLoadStrategy: normal, platform: MAC, platformName: MAC, proxy: Proxy(), setWindowRect: true, strictFileInteractability: false, timeouts: {implicit: 0, pageLoad: 300000, script: 30000}, unhandledPromptBehavior: dismiss and notify, webauthn:extension:credBlob: true, webauthn:extension:largeBlob: true, webauthn:virtualAuthenticators: true}
Session ID: a28df1515efdc69d2b0c94e21decb53c
*** Element info: {Using=xpath, value=div[@class='makeFlex hrtlCenter appendBottom20 flightFare']}]]>
            </message>
            <full-stacktrace>
              <![CDATA[org.openqa.selenium.NoSuchElementException: no such element: Unable to locate element: {"method":"xpath","selector":"div[@class='makeFlex hrtlCenter appendBottom20 flightFare']"}
  (Session info: chrome=101.0.4951.64)
For documentation on this error, please visit: https://www.seleniumhq.org/exceptions/no_such_element.html
Build info: version: '3.141.59', revision: 'e82be7d358', time: '2018-11-14T08:17:03'
System info: host: 'IN-C02DQAHYP3XY.local', ip: '2409:4053:2e04:7c52:a99e:7063:10ab:1528%en0', os.name: 'Mac OS X', os.arch: 'x86_64', os.version: '10.15.7', java.version: '15.0.2'
Driver info: org.openqa.selenium.chrome.ChromeDriver
Capabilities {acceptInsecureCerts: false, browserName: chrome, browserVersion: 101.0.4951.64, chrome: {chromedriverVersion: 101.0.4951.41 (93c720db8323..., userDataDir: /var/folders/3r/jjt7qbtj1dg...}, goog:chromeOptions: {debuggerAddress: localhost:50516}, javascriptEnabled: true, networkConnectionEnabled: false, pageLoadStrategy: normal, platform: MAC, platformName: MAC, proxy: Proxy(), setWindowRect: true, strictFileInteractability: false, timeouts: {implicit: 0, pageLoad: 300000, script: 30000}, unhandledPromptBehavior: dismiss and notify, webauthn:extension:credBlob: true, webauthn:extension:largeBlob: true, webauthn:virtualAuthenticators: true}
Session ID: a28df1515efdc69d2b0c94e21decb53c
*** Element info: {Using=xpath, value=div[@class='makeFlex hrtlCenter appendBottom20 flightFare']}
at java.base/jdk.internal.reflect.NativeConstructorAccessorImpl.newInstance0(Native Method)
at java.base/jdk.internal.reflect.NativeConstructorAccessorImpl.newInstance(NativeConstructorAccessorImpl.java:64)
at java.base/jdk.internal.reflect.DelegatingConstructorAccessorImpl.newInstance(DelegatingConstructorAccessorImpl.java:45)
at java.base/java.lang.reflect.Constructor.newInstanceWithCaller(Constructor.java:500)
at java.base/java.lang.reflect.Constructor.newInstance(Constructor.java:481)
at org.openqa.selenium.remote.http.W3CHttpResponseCodec.createException(W3CHttpResponseCodec.java:187)
at org.openqa.selenium.remote.http.W3CHttpResponseCodec.decode(W3CHttpResponseCodec.java:122)
at org.openqa.selenium.remote.http.W3CHttpResponseCodec.decode(W3CHttpResponseCodec.java:49)
at org.openqa.selenium.remote.HttpCommandExecutor.execute(HttpCommandExecutor.java:158)
at org.openqa.selenium.remote.service.DriverCommandExecutor.execute(DriverCommandExecutor.java:83)
at org.openqa.selenium.remote.RemoteWebDriver.execute(RemoteWebDriver.java:552)
at org.openqa.selenium.remote.RemoteWebDriver.findElement(RemoteWebDriver.java:323)
at org.openqa.selenium.remote.RemoteWebDriver.findElementByXPath(RemoteWebDriver.java:428)
at org.openqa.selenium.By$ByXPath.findElement(By.java:353)
at org.openqa.selenium.remote.RemoteWebDriver.findElement(RemoteWebDriver.java:315)
at org.openqa.selenium.support.pagefactory.DefaultElementLocator.findElement(DefaultElementLocator.java:69)
at org.openqa.selenium.support.pagefactory.internal.LocatingElementHandler.invoke(LocatingElementHandler.java:38)
at com.sun.proxy.$Proxy25.isDisplayed(Unknown Source)
at com.test.pageobjects.MMT_PO.EnterArrivalCity(MMT_PO.java:66)
at com.test.stepdefination.MakeMyTripStepDefination.clickToCity(MakeMyTripStepDefination.java:35)
at ✽.User Click on ToCity(file:///Users/varsha/Desktop/QaWorldcup/QA_Rangers/src/test/resources/features/MMT.feature:9)
]]>
            </full-stacktrace>
          </exception> <!-- org.openqa.selenium.NoSuchElementException -->
          <reporter-output>
          </reporter-output>
        </test-method> <!-- runScenario -->
        <test-method is-config="true" signature="tearDown()[pri:0, instance:com.test.runner.TestRunner@1e6454ec]" started-at="2022-05-18T18:17:04 IST" name="tearDown" finished-at="2022-05-18T18:17:04 IST" duration-ms="0" status="PASS">
          <reporter-output>
          </reporter-output>
        </test-method> <!-- tearDown -->
        <test-method is-config="true" signature="tearDownClass()[pri:0, instance:com.test.runner.TestRunner@1e6454ec]" started-at="2022-05-18T18:17:04 IST" name="tearDownClass" finished-at="2022-05-18T18:17:05 IST" duration-ms="286" status="PASS">
          <reporter-output>
          </reporter-output>
        </test-method> <!-- tearDownClass -->
      </class> <!-- com.test.runner.TestRunner -->
    </test> <!-- TestOnChrome -->
  </suite> <!-- TestSuite -->
</testng-results>
